语法

    0 $accept: Program $end

    1 Program: ExtDefList

    2 ExtDefList: ExtDef ExtDefList
    3           | ε

    4 ExtDef: Specifier ExtDecList SEMI
    5       | Specifier SEMI
    6       | Specifier FunDec CompSt

    7 ExtDecList: VarDec
    8           | VarDec COMMA ExtDecList

    9 Specifier: TYPE
   10          | StructSpecifier

   11 StructSpecifier: STRUCT OptTag LC DefList RC
   12                | STRUCT Tag

   13 OptTag: ID
   14       | ε

   15 Tag: ID

   16 VarDec: ID
   17       | VarDec LB INT RB
   18       | error RB

   19 FunDec: ID LP VarList RP
   20       | ID LP RP
   21       | error RP

   22 VarList: ParamDec COMMA VarList
   23        | ParamDec

   24 ParamDec: Specifier VarDec

   25 CompSt: LC DefList StmtList RC
   26       | error RC

   27 StmtList: Stmt StmtList
   28         | ε

   29 Stmt: Exp SEMI
   30     | CompSt
   31     | RETURN Exp SEMI
   32     | IF LP Exp RP Stmt
   33     | IF LP Exp RP Stmt ELSE Stmt
   34     | WHILE LP Exp RP Stmt
   35     | error SEMI

   36 DefList: Def DefList
   37        | ε

   38 Def: Specifier DecList SEMI
   39    | Specifier error SEMI

   40 DecList: Dec
   41        | Dec COMMA DecList

   42 Dec: VarDec
   43    | VarDec ASSIGNOP Exp

   44 Exp: Exp ASSIGNOP Exp
   45    | Exp AND Exp
   46    | Exp OR Exp
   47    | Exp RELOP Exp
   48    | Exp PLUS Exp
   49    | Exp MINUS Exp
   50    | Exp STAR Exp
   51    | Exp DIV Exp
   52    | LP Exp RP
   53    | MINUS Exp
   54    | NOT Exp
   55    | ID LP Args RP
   56    | ID LP RP
   57    | Exp LB Exp RB
   58    | Exp DOT ID
   59    | ID
   60    | INT
   61    | FLOAT

   62 Args: Exp COMMA Args
   63     | Exp


终结语词，附有它们出现处的规则

    $end (0) 0
    error (256) 18 21 26 35 39
    INT <node> (258) 17 60
    FLOAT <node> (259) 61
    TYPE <node> (260) 9
    SEMI <node> (261) 4 5 29 31 35 38 39
    COMMA <node> (262) 8 22 41 62
    ASSIGNOP <node> (263) 43 44
    RELOP <node> (264) 47
    PLUS <node> (265) 48
    MINUS <node> (266) 49 53
    STAR <node> (267) 50
    DIV <node> (268) 51
    DOT <node> (269) 58
    AND <node> (270) 45
    OR <node> (271) 46
    NOT <node> (272) 54
    LP <node> (273) 19 20 32 33 34 52 55 56
    RP <node> (274) 19 20 21 32 33 34 52 55 56
    LB <node> (275) 17 57
    RB <node> (276) 17 18 57
    LC <node> (277) 11 25
    RC <node> (278) 11 25 26
    STRUCT <node> (279) 11 12
    RETURN <node> (280) 31
    IF <node> (281) 32 33
    ELSE <node> (282) 33
    WHILE <node> (283) 34
    ID <node> (284) 13 15 16 19 20 55 56 58 59
    LOWER_THAN_ELSE (285)


非终结语词，附有它们出现处的规则

    $accept (31)
        on left: 0
    Program <node> (32)
        on left: 1
        on right: 0
    ExtDefList <node> (33)
        on left: 2 3
        on right: 1 2
    ExtDef <node> (34)
        on left: 4 5 6
        on right: 2
    ExtDecList <node> (35)
        on left: 7 8
        on right: 4 8
    Specifier <node> (36)
        on left: 9 10
        on right: 4 5 6 24 38 39
    StructSpecifier <node> (37)
        on left: 11 12
        on right: 10
    OptTag <node> (38)
        on left: 13 14
        on right: 11
    Tag <node> (39)
        on left: 15
        on right: 12
    VarDec <node> (40)
        on left: 16 17 18
        on right: 7 8 17 24 42 43
    FunDec <node> (41)
        on left: 19 20 21
        on right: 6
    VarList <node> (42)
        on left: 22 23
        on right: 19 22
    ParamDec <node> (43)
        on left: 24
        on right: 22 23
    CompSt <node> (44)
        on left: 25 26
        on right: 6 30
    StmtList <node> (45)
        on left: 27 28
        on right: 25 27
    Stmt <node> (46)
        on left: 29 30 31 32 33 34 35
        on right: 27 32 33 34
    DefList <node> (47)
        on left: 36 37
        on right: 11 25 36
    Def <node> (48)
        on left: 38 39
        on right: 36
    DecList <node> (49)
        on left: 40 41
        on right: 38 41
    Dec <node> (50)
        on left: 42 43
        on right: 40 41
    Exp <node> (51)
        on left: 44 45 46 47 48 49 50 51 52 53 54 55 56 57 58 59 60 61
        on right: 29 31 32 33 34 43 44 45 46 47 48 49 50 51 52 53 54 57 58 62 63
    Args <node> (52)
        on left: 62 63
        on right: 55 62


状态 0

    0 $accept: • Program $end

    TYPE    偏移，并进入状态 1
    STRUCT  偏移，并进入状态 2

    $default  使用规则 3 以归约 (ExtDefList)

    Program          转到状态 3
    ExtDefList       转到状态 4
    ExtDef           转到状态 5
    Specifier        转到状态 6
    StructSpecifier  转到状态 7


状态 1

    9 Specifier: TYPE •

    $default  使用规则 9 以归约 (Specifier)


状态 2

   11 StructSpecifier: STRUCT • OptTag LC DefList RC
   12                | STRUCT • Tag

    ID  偏移，并进入状态 8

    $default  使用规则 14 以归约 (OptTag)

    OptTag  转到状态 9
    Tag     转到状态 10


状态 3

    0 $accept: Program • $end

    $end  偏移，并进入状态 11


状态 4

    1 Program: ExtDefList •

    $default  使用规则 1 以归约 (Program)


状态 5

    2 ExtDefList: ExtDef • ExtDefList

    TYPE    偏移，并进入状态 1
    STRUCT  偏移，并进入状态 2

    $default  使用规则 3 以归约 (ExtDefList)

    ExtDefList       转到状态 12
    ExtDef           转到状态 5
    Specifier        转到状态 6
    StructSpecifier  转到状态 7


状态 6

    4 ExtDef: Specifier • ExtDecList SEMI
    5       | Specifier • SEMI
    6       | Specifier • FunDec CompSt

    error  偏移，并进入状态 13
    SEMI   偏移，并进入状态 14
    ID     偏移，并进入状态 15

    ExtDecList  转到状态 16
    VarDec      转到状态 17
    FunDec      转到状态 18


状态 7

   10 Specifier: StructSpecifier •

    $default  使用规则 10 以归约 (Specifier)


状态 8

   13 OptTag: ID •
   15 Tag: ID •

    LC        使用规则 13 以归约 (OptTag)
    $default  使用规则 15 以归约 (Tag)


状态 9

   11 StructSpecifier: STRUCT OptTag • LC DefList RC

    LC  偏移，并进入状态 19


状态 10

   12 StructSpecifier: STRUCT Tag •

    $default  使用规则 12 以归约 (StructSpecifier)


状态 11

    0 $accept: Program $end •

    $default  接受


状态 12

    2 ExtDefList: ExtDef ExtDefList •

    $default  使用规则 2 以归约 (ExtDefList)


状态 13

   18 VarDec: error • RB
   21 FunDec: error • RP

    RP  偏移，并进入状态 20
    RB  偏移，并进入状态 21


状态 14

    5 ExtDef: Specifier SEMI •

    $default  使用规则 5 以归约 (ExtDef)


状态 15

   16 VarDec: ID •
   19 FunDec: ID • LP VarList RP
   20       | ID • LP RP

    LP  偏移，并进入状态 22

    $default  使用规则 16 以归约 (VarDec)


状态 16

    4 ExtDef: Specifier ExtDecList • SEMI

    SEMI  偏移，并进入状态 23


状态 17

    7 ExtDecList: VarDec •
    8           | VarDec • COMMA ExtDecList
   17 VarDec: VarDec • LB INT RB

    COMMA  偏移，并进入状态 24
    LB     偏移，并进入状态 25

    $default  使用规则 7 以归约 (ExtDecList)


状态 18

    6 ExtDef: Specifier FunDec • CompSt

    error  偏移，并进入状态 26
    LC     偏移，并进入状态 27

    CompSt  转到状态 28


状态 19

   11 StructSpecifier: STRUCT OptTag LC • DefList RC

    TYPE    偏移，并进入状态 1
    STRUCT  偏移，并进入状态 2

    $default  使用规则 37 以归约 (DefList)

    Specifier        转到状态 29
    StructSpecifier  转到状态 7
    DefList          转到状态 30
    Def              转到状态 31


状态 20

   21 FunDec: error RP •

    $default  使用规则 21 以归约 (FunDec)


状态 21

   18 VarDec: error RB •

    $default  使用规则 18 以归约 (VarDec)


状态 22

   19 FunDec: ID LP • VarList RP
   20       | ID LP • RP

    TYPE    偏移，并进入状态 1
    RP      偏移，并进入状态 32
    STRUCT  偏移，并进入状态 2

    Specifier        转到状态 33
    StructSpecifier  转到状态 7
    VarList          转到状态 34
    ParamDec         转到状态 35


状态 23

    4 ExtDef: Specifier ExtDecList SEMI •

    $default  使用规则 4 以归约 (ExtDef)


状态 24

    8 ExtDecList: VarDec COMMA • ExtDecList

    error  偏移，并进入状态 36
    ID     偏移，并进入状态 37

    ExtDecList  转到状态 38
    VarDec      转到状态 17


状态 25

   17 VarDec: VarDec LB • INT RB

    INT  偏移，并进入状态 39


状态 26

   26 CompSt: error • RC

    RC  偏移，并进入状态 40


状态 27

   25 CompSt: LC • DefList StmtList RC

    TYPE    偏移，并进入状态 1
    STRUCT  偏移，并进入状态 2

    $default  使用规则 37 以归约 (DefList)

    Specifier        转到状态 29
    StructSpecifier  转到状态 7
    DefList          转到状态 41
    Def              转到状态 31


状态 28

    6 ExtDef: Specifier FunDec CompSt •

    $default  使用规则 6 以归约 (ExtDef)


状态 29

   38 Def: Specifier • DecList SEMI
   39    | Specifier • error SEMI

    error  偏移，并进入状态 42
    ID     偏移，并进入状态 37

    VarDec   转到状态 43
    DecList  转到状态 44
    Dec      转到状态 45


状态 30

   11 StructSpecifier: STRUCT OptTag LC DefList • RC

    RC  偏移，并进入状态 46


状态 31

   36 DefList: Def • DefList

    TYPE    偏移，并进入状态 1
    STRUCT  偏移，并进入状态 2

    $default  使用规则 37 以归约 (DefList)

    Specifier        转到状态 29
    StructSpecifier  转到状态 7
    DefList          转到状态 47
    Def              转到状态 31


状态 32

   20 FunDec: ID LP RP •

    $default  使用规则 20 以归约 (FunDec)


状态 33

   24 ParamDec: Specifier • VarDec

    error  偏移，并进入状态 36
    ID     偏移，并进入状态 37

    VarDec  转到状态 48


状态 34

   19 FunDec: ID LP VarList • RP

    RP  偏移，并进入状态 49


状态 35

   22 VarList: ParamDec • COMMA VarList
   23        | ParamDec •

    COMMA  偏移，并进入状态 50

    $default  使用规则 23 以归约 (VarList)


状态 36

   18 VarDec: error • RB

    RB  偏移，并进入状态 21


状态 37

   16 VarDec: ID •

    $default  使用规则 16 以归约 (VarDec)


状态 38

    8 ExtDecList: VarDec COMMA ExtDecList •

    $default  使用规则 8 以归约 (ExtDecList)


状态 39

   17 VarDec: VarDec LB INT • RB

    RB  偏移，并进入状态 51


状态 40

   26 CompSt: error RC •

    $default  使用规则 26 以归约 (CompSt)


状态 41

   25 CompSt: LC DefList • StmtList RC

    error   偏移，并进入状态 52
    INT     偏移，并进入状态 53
    FLOAT   偏移，并进入状态 54
    MINUS   偏移，并进入状态 55
    NOT     偏移，并进入状态 56
    LP      偏移，并进入状态 57
    LC      偏移，并进入状态 27
    RETURN  偏移，并进入状态 58
    IF      偏移，并进入状态 59
    WHILE   偏移，并进入状态 60
    ID      偏移，并进入状态 61

    RC  使用规则 28 以归约 (StmtList)

    CompSt    转到状态 62
    StmtList  转到状态 63
    Stmt      转到状态 64
    Exp       转到状态 65


状态 42

   18 VarDec: error • RB
   39 Def: Specifier error • SEMI

    SEMI  偏移，并进入状态 66
    RB    偏移，并进入状态 21


状态 43

   17 VarDec: VarDec • LB INT RB
   42 Dec: VarDec •
   43    | VarDec • ASSIGNOP Exp

    ASSIGNOP  偏移，并进入状态 67
    LB        偏移，并进入状态 25

    $default  使用规则 42 以归约 (Dec)


状态 44

   38 Def: Specifier DecList • SEMI

    SEMI  偏移，并进入状态 68


状态 45

   40 DecList: Dec •
   41        | Dec • COMMA DecList

    COMMA  偏移，并进入状态 69

    $default  使用规则 40 以归约 (DecList)


状态 46

   11 StructSpecifier: STRUCT OptTag LC DefList RC •

    $default  使用规则 11 以归约 (StructSpecifier)


状态 47

   36 DefList: Def DefList •

    $default  使用规则 36 以归约 (DefList)


状态 48

   17 VarDec: VarDec • LB INT RB
   24 ParamDec: Specifier VarDec •

    LB  偏移，并进入状态 25

    $default  使用规则 24 以归约 (ParamDec)


状态 49

   19 FunDec: ID LP VarList RP •

    $default  使用规则 19 以归约 (FunDec)


状态 50

   22 VarList: ParamDec COMMA • VarList

    TYPE    偏移，并进入状态 1
    STRUCT  偏移，并进入状态 2

    Specifier        转到状态 33
    StructSpecifier  转到状态 7
    VarList          转到状态 70
    ParamDec         转到状态 35


状态 51

   17 VarDec: VarDec LB INT RB •

    $default  使用规则 17 以归约 (VarDec)


状态 52

   26 CompSt: error • RC
   35 Stmt: error • SEMI

    SEMI  偏移，并进入状态 71
    RC    偏移，并进入状态 40


状态 53

   60 Exp: INT •

    $default  使用规则 60 以归约 (Exp)


状态 54

   61 Exp: FLOAT •

    $default  使用规则 61 以归约 (Exp)


状态 55

   53 Exp: MINUS • Exp

    INT    偏移，并进入状态 53
    FLOAT  偏移，并进入状态 54
    MINUS  偏移，并进入状态 55
    NOT    偏移，并进入状态 56
    LP     偏移，并进入状态 57
    ID     偏移，并进入状态 61

    Exp  转到状态 72


状态 56

   54 Exp: NOT • Exp

    INT    偏移，并进入状态 53
    FLOAT  偏移，并进入状态 54
    MINUS  偏移，并进入状态 55
    NOT    偏移，并进入状态 56
    LP     偏移，并进入状态 57
    ID     偏移，并进入状态 61

    Exp  转到状态 73


状态 57

   52 Exp: LP • Exp RP

    INT    偏移，并进入状态 53
    FLOAT  偏移，并进入状态 54
    MINUS  偏移，并进入状态 55
    NOT    偏移，并进入状态 56
    LP     偏移，并进入状态 57
    ID     偏移，并进入状态 61

    Exp  转到状态 74


状态 58

   31 Stmt: RETURN • Exp SEMI

    INT    偏移，并进入状态 53
    FLOAT  偏移，并进入状态 54
    MINUS  偏移，并进入状态 55
    NOT    偏移，并进入状态 56
    LP     偏移，并进入状态 57
    ID     偏移，并进入状态 61

    Exp  转到状态 75


状态 59

   32 Stmt: IF • LP Exp RP Stmt
   33     | IF • LP Exp RP Stmt ELSE Stmt

    LP  偏移，并进入状态 76


状态 60

   34 Stmt: WHILE • LP Exp RP Stmt

    LP  偏移，并进入状态 77


状态 61

   55 Exp: ID • LP Args RP
   56    | ID • LP RP
   59    | ID •

    LP  偏移，并进入状态 78

    $default  使用规则 59 以归约 (Exp)


状态 62

   30 Stmt: CompSt •

    $default  使用规则 30 以归约 (Stmt)


状态 63

   25 CompSt: LC DefList StmtList • RC

    RC  偏移，并进入状态 79


状态 64

   27 StmtList: Stmt • StmtList

    error   偏移，并进入状态 52
    INT     偏移，并进入状态 53
    FLOAT   偏移，并进入状态 54
    MINUS   偏移，并进入状态 55
    NOT     偏移，并进入状态 56
    LP      偏移，并进入状态 57
    LC      偏移，并进入状态 27
    RETURN  偏移，并进入状态 58
    IF      偏移，并进入状态 59
    WHILE   偏移，并进入状态 60
    ID      偏移，并进入状态 61

    RC  使用规则 28 以归约 (StmtList)

    CompSt    转到状态 62
    StmtList  转到状态 80
    Stmt      转到状态 64
    Exp       转到状态 65


状态 65

   29 Stmt: Exp • SEMI
   44 Exp: Exp • ASSIGNOP Exp
   45    | Exp • AND Exp
   46    | Exp • OR Exp
   47    | Exp • RELOP Exp
   48    | Exp • PLUS Exp
   49    | Exp • MINUS Exp
   50    | Exp • STAR Exp
   51    | Exp • DIV Exp
   57    | Exp • LB Exp RB
   58    | Exp • DOT ID

    SEMI      偏移，并进入状态 81
    ASSIGNOP  偏移，并进入状态 82
    RELOP     偏移，并进入状态 83
    PLUS      偏移，并进入状态 84
    MINUS     偏移，并进入状态 85
    STAR      偏移，并进入状态 86
    DIV       偏移，并进入状态 87
    DOT       偏移，并进入状态 88
    AND       偏移，并进入状态 89
    OR        偏移，并进入状态 90
    LB        偏移，并进入状态 91


状态 66

   39 Def: Specifier error SEMI •

    $default  使用规则 39 以归约 (Def)


状态 67

   43 Dec: VarDec ASSIGNOP • Exp

    INT    偏移，并进入状态 53
    FLOAT  偏移，并进入状态 54
    MINUS  偏移，并进入状态 55
    NOT    偏移，并进入状态 56
    LP     偏移，并进入状态 57
    ID     偏移，并进入状态 61

    Exp  转到状态 92


状态 68

   38 Def: Specifier DecList SEMI •

    $default  使用规则 38 以归约 (Def)


状态 69

   41 DecList: Dec COMMA • DecList

    error  偏移，并进入状态 36
    ID     偏移，并进入状态 37

    VarDec   转到状态 43
    DecList  转到状态 93
    Dec      转到状态 45


状态 70

   22 VarList: ParamDec COMMA VarList •

    $default  使用规则 22 以归约 (VarList)


状态 71

   35 Stmt: error SEMI •

    $default  使用规则 35 以归约 (Stmt)


状态 72

   44 Exp: Exp • ASSIGNOP Exp
   45    | Exp • AND Exp
   46    | Exp • OR Exp
   47    | Exp • RELOP Exp
   48    | Exp • PLUS Exp
   49    | Exp • MINUS Exp
   50    | Exp • STAR Exp
   51    | Exp • DIV Exp
   53    | MINUS Exp •
   57    | Exp • LB Exp RB
   58    | Exp • DOT ID

    STAR  偏移，并进入状态 86
    DIV   偏移，并进入状态 87
    DOT   偏移，并进入状态 88
    LB    偏移，并进入状态 91

    $default  使用规则 53 以归约 (Exp)


状态 73

   44 Exp: Exp • ASSIGNOP Exp
   45    | Exp • AND Exp
   46    | Exp • OR Exp
   47    | Exp • RELOP Exp
   48    | Exp • PLUS Exp
   49    | Exp • MINUS Exp
   50    | Exp • STAR Exp
   51    | Exp • DIV Exp
   54    | NOT Exp •
   57    | Exp • LB Exp RB
   58    | Exp • DOT ID

    DOT  偏移，并进入状态 88
    LB   偏移，并进入状态 91

    $default  使用规则 54 以归约 (Exp)


状态 74

   44 Exp: Exp • ASSIGNOP Exp
   45    | Exp • AND Exp
   46    | Exp • OR Exp
   47    | Exp • RELOP Exp
   48    | Exp • PLUS Exp
   49    | Exp • MINUS Exp
   50    | Exp • STAR Exp
   51    | Exp • DIV Exp
   52    | LP Exp • RP
   57    | Exp • LB Exp RB
   58    | Exp • DOT ID

    ASSIGNOP  偏移，并进入状态 82
    RELOP     偏移，并进入状态 83
    PLUS      偏移，并进入状态 84
    MINUS     偏移，并进入状态 85
    STAR      偏移，并进入状态 86
    DIV       偏移，并进入状态 87
    DOT       偏移，并进入状态 88
    AND       偏移，并进入状态 89
    OR        偏移，并进入状态 90
    RP        偏移，并进入状态 94
    LB        偏移，并进入状态 91


状态 75

   31 Stmt: RETURN Exp • SEMI
   44 Exp: Exp • ASSIGNOP Exp
   45    | Exp • AND Exp
   46    | Exp • OR Exp
   47    | Exp • RELOP Exp
   48    | Exp • PLUS Exp
   49    | Exp • MINUS Exp
   50    | Exp • STAR Exp
   51    | Exp • DIV Exp
   57    | Exp • LB Exp RB
   58    | Exp • DOT ID

    SEMI      偏移，并进入状态 95
    ASSIGNOP  偏移，并进入状态 82
    RELOP     偏移，并进入状态 83
    PLUS      偏移，并进入状态 84
    MINUS     偏移，并进入状态 85
    STAR      偏移，并进入状态 86
    DIV       偏移，并进入状态 87
    DOT       偏移，并进入状态 88
    AND       偏移，并进入状态 89
    OR        偏移，并进入状态 90
    LB        偏移，并进入状态 91


状态 76

   32 Stmt: IF LP • Exp RP Stmt
   33     | IF LP • Exp RP Stmt ELSE Stmt

    INT    偏移，并进入状态 53
    FLOAT  偏移，并进入状态 54
    MINUS  偏移，并进入状态 55
    NOT    偏移，并进入状态 56
    LP     偏移，并进入状态 57
    ID     偏移，并进入状态 61

    Exp  转到状态 96


状态 77

   34 Stmt: WHILE LP • Exp RP Stmt

    INT    偏移，并进入状态 53
    FLOAT  偏移，并进入状态 54
    MINUS  偏移，并进入状态 55
    NOT    偏移，并进入状态 56
    LP     偏移，并进入状态 57
    ID     偏移，并进入状态 61

    Exp  转到状态 97


状态 78

   55 Exp: ID LP • Args RP
   56    | ID LP • RP

    INT    偏移，并进入状态 53
    FLOAT  偏移，并进入状态 54
    MINUS  偏移，并进入状态 55
    NOT    偏移，并进入状态 56
    LP     偏移，并进入状态 57
    RP     偏移，并进入状态 98
    ID     偏移，并进入状态 61

    Exp   转到状态 99
    Args  转到状态 100


状态 79

   25 CompSt: LC DefList StmtList RC •

    $default  使用规则 25 以归约 (CompSt)


状态 80

   27 StmtList: Stmt StmtList •

    $default  使用规则 27 以归约 (StmtList)


状态 81

   29 Stmt: Exp SEMI •

    $default  使用规则 29 以归约 (Stmt)


状态 82

   44 Exp: Exp ASSIGNOP • Exp

    INT    偏移，并进入状态 53
    FLOAT  偏移，并进入状态 54
    MINUS  偏移，并进入状态 55
    NOT    偏移，并进入状态 56
    LP     偏移，并进入状态 57
    ID     偏移，并进入状态 61

    Exp  转到状态 101


状态 83

   47 Exp: Exp RELOP • Exp

    INT    偏移，并进入状态 53
    FLOAT  偏移，并进入状态 54
    MINUS  偏移，并进入状态 55
    NOT    偏移，并进入状态 56
    LP     偏移，并进入状态 57
    ID     偏移，并进入状态 61

    Exp  转到状态 102


状态 84

   48 Exp: Exp PLUS • Exp

    INT    偏移，并进入状态 53
    FLOAT  偏移，并进入状态 54
    MINUS  偏移，并进入状态 55
    NOT    偏移，并进入状态 56
    LP     偏移，并进入状态 57
    ID     偏移，并进入状态 61

    Exp  转到状态 103


状态 85

   49 Exp: Exp MINUS • Exp

    INT    偏移，并进入状态 53
    FLOAT  偏移，并进入状态 54
    MINUS  偏移，并进入状态 55
    NOT    偏移，并进入状态 56
    LP     偏移，并进入状态 57
    ID     偏移，并进入状态 61

    Exp  转到状态 104


状态 86

   50 Exp: Exp STAR • Exp

    INT    偏移，并进入状态 53
    FLOAT  偏移，并进入状态 54
    MINUS  偏移，并进入状态 55
    NOT    偏移，并进入状态 56
    LP     偏移，并进入状态 57
    ID     偏移，并进入状态 61

    Exp  转到状态 105


状态 87

   51 Exp: Exp DIV • Exp

    INT    偏移，并进入状态 53
    FLOAT  偏移，并进入状态 54
    MINUS  偏移，并进入状态 55
    NOT    偏移，并进入状态 56
    LP     偏移，并进入状态 57
    ID     偏移，并进入状态 61

    Exp  转到状态 106


状态 88

   58 Exp: Exp DOT • ID

    ID  偏移，并进入状态 107


状态 89

   45 Exp: Exp AND • Exp

    INT    偏移，并进入状态 53
    FLOAT  偏移，并进入状态 54
    MINUS  偏移，并进入状态 55
    NOT    偏移，并进入状态 56
    LP     偏移，并进入状态 57
    ID     偏移，并进入状态 61

    Exp  转到状态 108


状态 90

   46 Exp: Exp OR • Exp

    INT    偏移，并进入状态 53
    FLOAT  偏移，并进入状态 54
    MINUS  偏移，并进入状态 55
    NOT    偏移，并进入状态 56
    LP     偏移，并进入状态 57
    ID     偏移，并进入状态 61

    Exp  转到状态 109


状态 91

   57 Exp: Exp LB • Exp RB

    INT    偏移，并进入状态 53
    FLOAT  偏移，并进入状态 54
    MINUS  偏移，并进入状态 55
    NOT    偏移，并进入状态 56
    LP     偏移，并进入状态 57
    ID     偏移，并进入状态 61

    Exp  转到状态 110


状态 92

   43 Dec: VarDec ASSIGNOP Exp •
   44 Exp: Exp • ASSIGNOP Exp
   45    | Exp • AND Exp
   46    | Exp • OR Exp
   47    | Exp • RELOP Exp
   48    | Exp • PLUS Exp
   49    | Exp • MINUS Exp
   50    | Exp • STAR Exp
   51    | Exp • DIV Exp
   57    | Exp • LB Exp RB
   58    | Exp • DOT ID

    ASSIGNOP  偏移，并进入状态 82
    RELOP     偏移，并进入状态 83
    PLUS      偏移，并进入状态 84
    MINUS     偏移，并进入状态 85
    STAR      偏移，并进入状态 86
    DIV       偏移，并进入状态 87
    DOT       偏移，并进入状态 88
    AND       偏移，并进入状态 89
    OR        偏移，并进入状态 90
    LB        偏移，并进入状态 91

    $default  使用规则 43 以归约 (Dec)


状态 93

   41 DecList: Dec COMMA DecList •

    $default  使用规则 41 以归约 (DecList)


状态 94

   52 Exp: LP Exp RP •

    $default  使用规则 52 以归约 (Exp)


状态 95

   31 Stmt: RETURN Exp SEMI •

    $default  使用规则 31 以归约 (Stmt)


状态 96

   32 Stmt: IF LP Exp • RP Stmt
   33     | IF LP Exp • RP Stmt ELSE Stmt
   44 Exp: Exp • ASSIGNOP Exp
   45    | Exp • AND Exp
   46    | Exp • OR Exp
   47    | Exp • RELOP Exp
   48    | Exp • PLUS Exp
   49    | Exp • MINUS Exp
   50    | Exp • STAR Exp
   51    | Exp • DIV Exp
   57    | Exp • LB Exp RB
   58    | Exp • DOT ID

    ASSIGNOP  偏移，并进入状态 82
    RELOP     偏移，并进入状态 83
    PLUS      偏移，并进入状态 84
    MINUS     偏移，并进入状态 85
    STAR      偏移，并进入状态 86
    DIV       偏移，并进入状态 87
    DOT       偏移，并进入状态 88
    AND       偏移，并进入状态 89
    OR        偏移，并进入状态 90
    RP        偏移，并进入状态 111
    LB        偏移，并进入状态 91


状态 97

   34 Stmt: WHILE LP Exp • RP Stmt
   44 Exp: Exp • ASSIGNOP Exp
   45    | Exp • AND Exp
   46    | Exp • OR Exp
   47    | Exp • RELOP Exp
   48    | Exp • PLUS Exp
   49    | Exp • MINUS Exp
   50    | Exp • STAR Exp
   51    | Exp • DIV Exp
   57    | Exp • LB Exp RB
   58    | Exp • DOT ID

    ASSIGNOP  偏移，并进入状态 82
    RELOP     偏移，并进入状态 83
    PLUS      偏移，并进入状态 84
    MINUS     偏移，并进入状态 85
    STAR      偏移，并进入状态 86
    DIV       偏移，并进入状态 87
    DOT       偏移，并进入状态 88
    AND       偏移，并进入状态 89
    OR        偏移，并进入状态 90
    RP        偏移，并进入状态 112
    LB        偏移，并进入状态 91


状态 98

   56 Exp: ID LP RP •

    $default  使用规则 56 以归约 (Exp)


状态 99

   44 Exp: Exp • ASSIGNOP Exp
   45    | Exp • AND Exp
   46    | Exp • OR Exp
   47    | Exp • RELOP Exp
   48    | Exp • PLUS Exp
   49    | Exp • MINUS Exp
   50    | Exp • STAR Exp
   51    | Exp • DIV Exp
   57    | Exp • LB Exp RB
   58    | Exp • DOT ID
   62 Args: Exp • COMMA Args
   63     | Exp •

    COMMA     偏移，并进入状态 113
    ASSIGNOP  偏移，并进入状态 82
    RELOP     偏移，并进入状态 83
    PLUS      偏移，并进入状态 84
    MINUS     偏移，并进入状态 85
    STAR      偏移，并进入状态 86
    DIV       偏移，并进入状态 87
    DOT       偏移，并进入状态 88
    AND       偏移，并进入状态 89
    OR        偏移，并进入状态 90
    LB        偏移，并进入状态 91

    $default  使用规则 63 以归约 (Args)


状态 100

   55 Exp: ID LP Args • RP

    RP  偏移，并进入状态 114


状态 101

   44 Exp: Exp • ASSIGNOP Exp
   44    | Exp ASSIGNOP Exp •
   45    | Exp • AND Exp
   46    | Exp • OR Exp
   47    | Exp • RELOP Exp
   48    | Exp • PLUS Exp
   49    | Exp • MINUS Exp
   50    | Exp • STAR Exp
   51    | Exp • DIV Exp
   57    | Exp • LB Exp RB
   58    | Exp • DOT ID

    ASSIGNOP  偏移，并进入状态 82
    RELOP     偏移，并进入状态 83
    PLUS      偏移，并进入状态 84
    MINUS     偏移，并进入状态 85
    STAR      偏移，并进入状态 86
    DIV       偏移，并进入状态 87
    DOT       偏移，并进入状态 88
    AND       偏移，并进入状态 89
    OR        偏移，并进入状态 90
    LB        偏移，并进入状态 91

    $default  使用规则 44 以归约 (Exp)


状态 102

   44 Exp: Exp • ASSIGNOP Exp
   45    | Exp • AND Exp
   46    | Exp • OR Exp
   47    | Exp • RELOP Exp
   47    | Exp RELOP Exp •
   48    | Exp • PLUS Exp
   49    | Exp • MINUS Exp
   50    | Exp • STAR Exp
   51    | Exp • DIV Exp
   57    | Exp • LB Exp RB
   58    | Exp • DOT ID

    PLUS   偏移，并进入状态 84
    MINUS  偏移，并进入状态 85
    STAR   偏移，并进入状态 86
    DIV    偏移，并进入状态 87
    DOT    偏移，并进入状态 88
    LB     偏移，并进入状态 91

    $default  使用规则 47 以归约 (Exp)


状态 103

   44 Exp: Exp • ASSIGNOP Exp
   45    | Exp • AND Exp
   46    | Exp • OR Exp
   47    | Exp • RELOP Exp
   48    | Exp • PLUS Exp
   48    | Exp PLUS Exp •
   49    | Exp • MINUS Exp
   50    | Exp • STAR Exp
   51    | Exp • DIV Exp
   57    | Exp • LB Exp RB
   58    | Exp • DOT ID

    STAR  偏移，并进入状态 86
    DIV   偏移，并进入状态 87
    DOT   偏移，并进入状态 88
    LB    偏移，并进入状态 91

    $default  使用规则 48 以归约 (Exp)


状态 104

   44 Exp: Exp • ASSIGNOP Exp
   45    | Exp • AND Exp
   46    | Exp • OR Exp
   47    | Exp • RELOP Exp
   48    | Exp • PLUS Exp
   49    | Exp • MINUS Exp
   49    | Exp MINUS Exp •
   50    | Exp • STAR Exp
   51    | Exp • DIV Exp
   57    | Exp • LB Exp RB
   58    | Exp • DOT ID

    STAR  偏移，并进入状态 86
    DIV   偏移，并进入状态 87
    DOT   偏移，并进入状态 88
    LB    偏移，并进入状态 91

    $default  使用规则 49 以归约 (Exp)


状态 105

   44 Exp: Exp • ASSIGNOP Exp
   45    | Exp • AND Exp
   46    | Exp • OR Exp
   47    | Exp • RELOP Exp
   48    | Exp • PLUS Exp
   49    | Exp • MINUS Exp
   50    | Exp • STAR Exp
   50    | Exp STAR Exp •
   51    | Exp • DIV Exp
   57    | Exp • LB Exp RB
   58    | Exp • DOT ID

    DOT  偏移，并进入状态 88
    LB   偏移，并进入状态 91

    $default  使用规则 50 以归约 (Exp)


状态 106

   44 Exp: Exp • ASSIGNOP Exp
   45    | Exp • AND Exp
   46    | Exp • OR Exp
   47    | Exp • RELOP Exp
   48    | Exp • PLUS Exp
   49    | Exp • MINUS Exp
   50    | Exp • STAR Exp
   51    | Exp • DIV Exp
   51    | Exp DIV Exp •
   57    | Exp • LB Exp RB
   58    | Exp • DOT ID

    DOT  偏移，并进入状态 88
    LB   偏移，并进入状态 91

    $default  使用规则 51 以归约 (Exp)


状态 107

   58 Exp: Exp DOT ID •

    $default  使用规则 58 以归约 (Exp)


状态 108

   44 Exp: Exp • ASSIGNOP Exp
   45    | Exp • AND Exp
   45    | Exp AND Exp •
   46    | Exp • OR Exp
   47    | Exp • RELOP Exp
   48    | Exp • PLUS Exp
   49    | Exp • MINUS Exp
   50    | Exp • STAR Exp
   51    | Exp • DIV Exp
   57    | Exp • LB Exp RB
   58    | Exp • DOT ID

    RELOP  偏移，并进入状态 83
    PLUS   偏移，并进入状态 84
    MINUS  偏移，并进入状态 85
    STAR   偏移，并进入状态 86
    DIV    偏移，并进入状态 87
    DOT    偏移，并进入状态 88
    LB     偏移，并进入状态 91

    $default  使用规则 45 以归约 (Exp)


状态 109

   44 Exp: Exp • ASSIGNOP Exp
   45    | Exp • AND Exp
   46    | Exp • OR Exp
   46    | Exp OR Exp •
   47    | Exp • RELOP Exp
   48    | Exp • PLUS Exp
   49    | Exp • MINUS Exp
   50    | Exp • STAR Exp
   51    | Exp • DIV Exp
   57    | Exp • LB Exp RB
   58    | Exp • DOT ID

    RELOP  偏移，并进入状态 83
    PLUS   偏移，并进入状态 84
    MINUS  偏移，并进入状态 85
    STAR   偏移，并进入状态 86
    DIV    偏移，并进入状态 87
    DOT    偏移，并进入状态 88
    AND    偏移，并进入状态 89
    LB     偏移，并进入状态 91

    $default  使用规则 46 以归约 (Exp)


状态 110

   44 Exp: Exp • ASSIGNOP Exp
   45    | Exp • AND Exp
   46    | Exp • OR Exp
   47    | Exp • RELOP Exp
   48    | Exp • PLUS Exp
   49    | Exp • MINUS Exp
   50    | Exp • STAR Exp
   51    | Exp • DIV Exp
   57    | Exp • LB Exp RB
   57    | Exp LB Exp • RB
   58    | Exp • DOT ID

    ASSIGNOP  偏移，并进入状态 82
    RELOP     偏移，并进入状态 83
    PLUS      偏移，并进入状态 84
    MINUS     偏移，并进入状态 85
    STAR      偏移，并进入状态 86
    DIV       偏移，并进入状态 87
    DOT       偏移，并进入状态 88
    AND       偏移，并进入状态 89
    OR        偏移，并进入状态 90
    LB        偏移，并进入状态 91
    RB        偏移，并进入状态 115


状态 111

   32 Stmt: IF LP Exp RP • Stmt
   33     | IF LP Exp RP • Stmt ELSE Stmt

    error   偏移，并进入状态 52
    INT     偏移，并进入状态 53
    FLOAT   偏移，并进入状态 54
    MINUS   偏移，并进入状态 55
    NOT     偏移，并进入状态 56
    LP      偏移，并进入状态 57
    LC      偏移，并进入状态 27
    RETURN  偏移，并进入状态 58
    IF      偏移，并进入状态 59
    WHILE   偏移，并进入状态 60
    ID      偏移，并进入状态 61

    CompSt  转到状态 62
    Stmt    转到状态 116
    Exp     转到状态 65


状态 112

   34 Stmt: WHILE LP Exp RP • Stmt

    error   偏移，并进入状态 52
    INT     偏移，并进入状态 53
    FLOAT   偏移，并进入状态 54
    MINUS   偏移，并进入状态 55
    NOT     偏移，并进入状态 56
    LP      偏移，并进入状态 57
    LC      偏移，并进入状态 27
    RETURN  偏移，并进入状态 58
    IF      偏移，并进入状态 59
    WHILE   偏移，并进入状态 60
    ID      偏移，并进入状态 61

    CompSt  转到状态 62
    Stmt    转到状态 117
    Exp     转到状态 65


状态 113

   62 Args: Exp COMMA • Args

    INT    偏移，并进入状态 53
    FLOAT  偏移，并进入状态 54
    MINUS  偏移，并进入状态 55
    NOT    偏移，并进入状态 56
    LP     偏移，并进入状态 57
    ID     偏移，并进入状态 61

    Exp   转到状态 99
    Args  转到状态 118


状态 114

   55 Exp: ID LP Args RP •

    $default  使用规则 55 以归约 (Exp)


状态 115

   57 Exp: Exp LB Exp RB •

    $default  使用规则 57 以归约 (Exp)


状态 116

   32 Stmt: IF LP Exp RP Stmt •
   33     | IF LP Exp RP Stmt • ELSE Stmt

    ELSE  偏移，并进入状态 119

    $default  使用规则 32 以归约 (Stmt)


状态 117

   34 Stmt: WHILE LP Exp RP Stmt •

    $default  使用规则 34 以归约 (Stmt)


状态 118

   62 Args: Exp COMMA Args •

    $default  使用规则 62 以归约 (Args)


状态 119

   33 Stmt: IF LP Exp RP Stmt ELSE • Stmt

    error   偏移，并进入状态 52
    INT     偏移，并进入状态 53
    FLOAT   偏移，并进入状态 54
    MINUS   偏移，并进入状态 55
    NOT     偏移，并进入状态 56
    LP      偏移，并进入状态 57
    LC      偏移，并进入状态 27
    RETURN  偏移，并进入状态 58
    IF      偏移，并进入状态 59
    WHILE   偏移，并进入状态 60
    ID      偏移，并进入状态 61

    CompSt  转到状态 62
    Stmt    转到状态 120
    Exp     转到状态 65


状态 120

   33 Stmt: IF LP Exp RP Stmt ELSE Stmt •

    $default  使用规则 33 以归约 (Stmt)
